<?xml version="1.0" encoding="UTF-8"?>
<!-- Generated by org.testng.reporters.JUnitXMLReporter -->
<testsuite hostname="9932941Canada2" name="Test" tests="4" failures="2" timestamp="14 Jun 2018 00:45:29 GMT" time="263.509" errors="0">
  <testcase name="createOrder_forMultipleItems_createdSuccessfully" time="80.416" classname="tests.ShoppingCartTests"/>
  <testcase name="createOrder_forOneMagicMouse_createdSuccessfully" time="22.487" classname="tests.ShoppingCartTests">
    <failure type="java.lang.AssertionError" message="Expected the number of items in the cart to be 1 but found 0 expected [1] but found [0]">
      <![CDATA[java.lang.AssertionError: Expected the number of items in the cart to be 1 but found 0 expected [1] but found [0]
	at tests.ShoppingCartTests.createOrder_forOneMagicMouse_createdSuccessfully(ShoppingCartTests.java:36)
... Removed 28 stack frames]]>
    </failure>
  </testcase> <!-- createOrder_forOneMagicMouse_createdSuccessfully -->
  <testcase name="removeAnItem_ffromCheckoutPage_removedSuccessfully" time="129.325" classname="tests.ShoppingCartTests">
    <failure type="java.lang.AssertionError" message="Expected only 1 item to be displayed in the cart but 2 items were displayed expected [2] but found [1]">
      <![CDATA[java.lang.AssertionError: Expected only 1 item to be displayed in the cart but 2 items were displayed expected [2] but found [1]
	at tests.ShoppingCartTests.removeAnItem_ffromCheckoutPage_removedSuccessfully(ShoppingCartTests.java:109)
... Removed 28 stack frames]]>
    </failure>
  </testcase> <!-- removeAnItem_ffromCheckoutPage_removedSuccessfully -->
  <testcase name="updateQuantity_fromCheckoutPage_updatedSuccessfully" time="29.573" classname="tests.ShoppingCartTests"/>
</testsuite> <!-- Test -->
