<?xml version="1.0" encoding="UTF-8"?>
<!-- Generated by org.testng.reporters.JUnitXMLReporter -->
<testsuite hostname="9932941Canada2" name="Test" tests="4" failures="0" timestamp="13 Jun 2018 17:29:38 GMT" time="141.679" errors="0">
  <testcase name="createOrder_forMultipleItems_createdSuccessfully" time="40.247" classname="tests.ShoppingCartTests"/>
  <testcase name="createOrder_forOneMagicMouse_createdSuccessfully" time="52.111" classname="tests.ShoppingCartTests"/>
  <testcase name="removeAnItem_ffromCheckoutPage_removedSuccessfully" time="21.314" classname="tests.ShoppingCartTests"/>
  <testcase name="updateQuantity_fromCheckoutPage_updatedSuccessfully" time="26.308" classname="tests.ShoppingCartTests"/>
</testsuite> <!-- Test -->
