<?xml version="1.0" encoding="UTF-8"?>
<testsuite xmlns:xsi="http://www.w3.org/2001/XMLSchema-instance" xsi:noNamespaceSchemaLocation="https://maven.apache.org/surefire/maven-surefire-plugin/xsd/surefire-test-report.xsd" name="TestSuite" time="102.265" tests="4" errors="0" skipped="0" failures="2">
  <properties>
[...]
</properties>
  <testcase name="createOrder_forMultipleItems_createdSuccessfully" classname="tests.ShoppingCartTests" time="39.504"/>
  <testcase name="createOrder_forOneMagicMouse_createdSuccessfully" classname="tests.ShoppingCartTests" time="9.855">
    <failure message="Expected the number of items in the cart to be 1 but found 0 expected [1] but found [0]" type="java.lang.AssertionError">java.lang.AssertionError: Expected the number of items in the cart to be 1 but found 0 expected [1] but found [0]
	at tests.ShoppingCartTests.createOrder_forOneMagicMouse_createdSuccessfully(ShoppingCartTests.java:36)
</failure>
    <system-out><![CDATA[TEST STARTED: tests.ShoppingCartTests#createOrder_forOneMagicMouse_createdSuccessfully
 INFO [main] (TestBase.java:56)- Initiating the test session
 INFO [main] (BasePage.java:99)- Waiting for page to load
 INFO [main] (BasePage.java:44)- Navigating to Product Category > Accessories via navigation menu
 INFO [main] (BasePage.java:99)- Waiting for page to load
 INFO [main] (BasePage.java:99)- Waiting for page to load
 INFO [main] (AccessoriesPage.java:38)- Clicking on 'AddToCart' button and adding Magic Mouse to cart...
 INFO [main] (BasePage.java:99)- Waiting for page to load
]]></system-out>
  </testcase>
  <testcase name="removeAnItem_ffromCheckoutPage_removedSuccessfully" classname="tests.ShoppingCartTests" time="23.587">
    <failure message="Expected only 1 item to be displayed in the cart but 2 items were displayed expected [2] but found [1]" type="java.lang.AssertionError">java.lang.AssertionError: Expected only 1 item to be displayed in the cart but 2 items were displayed expected [2] but found [1]
	at tests.ShoppingCartTests.removeAnItem_ffromCheckoutPage_removedSuccessfully(ShoppingCartTests.java:109)
</failure>
    <system-out><![CDATA[TEST STARTED: tests.ShoppingCartTests#removeAnItem_ffromCheckoutPage_removedSuccessfully
 INFO [main] (TestBase.java:56)- Initiating the test session
 INFO [main] (BasePage.java:99)- Waiting for page to load
 INFO [main] (BasePage.java:44)- Navigating to Product Category > Accessories via navigation menu
 INFO [main] (BasePage.java:99)- Waiting for page to load
 INFO [main] (BasePage.java:99)- Waiting for page to load
 INFO [main] (AccessoriesPage.java:38)- Clicking on 'AddToCart' button and adding Magic Mouse to cart...
 INFO [main] (BasePage.java:99)- Waiting for page to load
 INFO [main] (AccessoriesPage.java:38)- Clicking on 'AddToCart' button and adding Apple TV to cart...
 INFO [main] (BasePage.java:99)- Waiting for page to load
 INFO [main] (AccessoriesPage.java:38)- Clicking on 'AddToCart' button and adding Apple TV to cart...
 INFO [main] (BasePage.java:99)- Waiting for page to load
 INFO [main] (BasePage.java:99)- Waiting for page to load
 INFO [main] (BasePage.java:99)- Waiting for page to load
]]></system-out>
  </testcase>
  <testcase name="updateQuantity_fromCheckoutPage_updatedSuccessfully" classname="tests.ShoppingCartTests" time="22.033"/>
</testsuite>