<?xml version="1.0" encoding="UTF-8"?>
<testng-results skipped="0" failed="0" total="1" passed="1">
  <reporter-output>
  </reporter-output>
  <suite name="Default suite" duration-ms="36197" started-at="2018-06-14T03:11:09Z" finished-at="2018-06-14T03:11:45Z">
    <groups>
    </groups>
    <test name="Default test" duration-ms="36197" started-at="2018-06-14T03:11:09Z" finished-at="2018-06-14T03:11:45Z">
      <class name="tests.ShoppingCartTests">
        <test-method status="PASS" signature="setUp()[pri:0, instance:tests.ShoppingCartTests@5622fdf]" name="setUp" is-config="true" duration-ms="3476" started-at="2018-06-13T23:11:05Z" finished-at="2018-06-13T23:11:09Z">
          <reporter-output>
          </reporter-output>
        </test-method> <!-- setUp -->
        <test-method status="PASS" signature="createOrder_forMultipleItems_createdSuccessfully(org.openqa.selenium.WebDriver, common.TestProperties)[pri:0, instance:tests.ShoppingCartTests@5622fdf]" name="createOrder_forMultipleItems_createdSuccessfully" duration-ms="35500" started-at="2018-06-13T23:11:09Z" data-provider="test-data" finished-at="2018-06-13T23:11:44Z">
          <params>
            <param index="0">
              <value>
                <![CDATA[ChromeDriver: chrome on XP (null)]]>
              </value>
            </param>
            <param index="1">
              <value>
                <![CDATA[common.TestProperties@1a6d8329]]>
              </value>
            </param>
          </params>
          <reporter-output>
          </reporter-output>
        </test-method> <!-- createOrder_forMultipleItems_createdSuccessfully -->
        <test-method status="PASS" signature="tearDown()[pri:0, instance:tests.ShoppingCartTests@5622fdf]" name="tearDown" is-config="true" duration-ms="679" started-at="2018-06-13T23:11:44Z" finished-at="2018-06-13T23:11:45Z">
          <reporter-output>
          </reporter-output>
        </test-method> <!-- tearDown -->
      </class> <!-- tests.ShoppingCartTests -->
    </test> <!-- Default test -->
  </suite> <!-- Default suite -->
</testng-results>
