<?xml version="1.0" encoding="UTF-8"?>
<testng-results skipped="0" failed="0" total="4" passed="4">
  <reporter-output>
  </reporter-output>
  <suite name="Default suite" duration-ms="126543" started-at="2018-06-13T18:01:11Z" finished-at="2018-06-13T18:03:18Z">
    <groups>
    </groups>
    <test name="Default test" duration-ms="126543" started-at="2018-06-13T18:01:11Z" finished-at="2018-06-13T18:03:18Z">
      <class name="tests.ShoppingCartTests">
        <test-method status="PASS" signature="setUp()[pri:0, instance:tests.ShoppingCartTests@754ba872]" name="setUp" is-config="true" duration-ms="3769" started-at="2018-06-13T14:01:07Z" finished-at="2018-06-13T14:01:11Z">
          <reporter-output>
          </reporter-output>
        </test-method> <!-- setUp -->
        <test-method status="PASS" signature="createOrder_forMultipleItems_createdSuccessfully(org.openqa.selenium.WebDriver, common.TestProperties)[pri:0, instance:tests.ShoppingCartTests@754ba872]" name="createOrder_forMultipleItems_createdSuccessfully" duration-ms="38067" started-at="2018-06-13T14:01:11Z" data-provider="test-data" finished-at="2018-06-13T14:01:49Z">
          <params>
            <param index="0">
              <value>
                <![CDATA[ChromeDriver: chrome on XP (null)]]>
              </value>
            </param>
            <param index="1">
              <value>
                <![CDATA[common.TestProperties@4659191b]]>
              </value>
            </param>
          </params>
          <reporter-output>
          </reporter-output>
        </test-method> <!-- createOrder_forMultipleItems_createdSuccessfully -->
        <test-method status="PASS" signature="createOrder_forOneMagicMouse_createdSuccessfully(org.openqa.selenium.WebDriver, common.TestProperties)[pri:0, instance:tests.ShoppingCartTests@754ba872]" name="createOrder_forOneMagicMouse_createdSuccessfully" duration-ms="44789" started-at="2018-06-13T14:01:49Z" data-provider="test-data" finished-at="2018-06-13T14:02:34Z">
          <params>
            <param index="0">
              <value>
                <![CDATA[ChromeDriver: chrome on XP (null)]]>
              </value>
            </param>
            <param index="1">
              <value>
                <![CDATA[common.TestProperties@4082ba93]]>
              </value>
            </param>
          </params>
          <reporter-output>
          </reporter-output>
        </test-method> <!-- createOrder_forOneMagicMouse_createdSuccessfully -->
        <test-method status="PASS" signature="removeAnItem_ffromCheckoutPage_removedSuccessfully(org.openqa.selenium.WebDriver, common.TestProperties)[pri:0, instance:tests.ShoppingCartTests@754ba872]" name="removeAnItem_ffromCheckoutPage_removedSuccessfully" duration-ms="23985" started-at="2018-06-13T14:02:34Z" data-provider="test-data" finished-at="2018-06-13T14:02:58Z">
          <params>
            <param index="0">
              <value>
                <![CDATA[ChromeDriver: chrome on XP (null)]]>
              </value>
            </param>
            <param index="1">
              <value>
                <![CDATA[common.TestProperties@433defed]]>
              </value>
            </param>
          </params>
          <reporter-output>
          </reporter-output>
        </test-method> <!-- removeAnItem_ffromCheckoutPage_removedSuccessfully -->
        <test-method status="PASS" signature="updateQuantity_fromCheckoutPage_updatedSuccessfully(org.openqa.selenium.WebDriver, common.TestProperties)[pri:0, instance:tests.ShoppingCartTests@754ba872]" name="updateQuantity_fromCheckoutPage_updatedSuccessfully" duration-ms="18036" started-at="2018-06-13T14:02:58Z" data-provider="test-data" finished-at="2018-06-13T14:03:16Z">
          <params>
            <param index="0">
              <value>
                <![CDATA[ChromeDriver: chrome on XP (null)]]>
              </value>
            </param>
            <param index="1">
              <value>
                <![CDATA[common.TestProperties@3f4faf53]]>
              </value>
            </param>
          </params>
          <reporter-output>
          </reporter-output>
        </test-method> <!-- updateQuantity_fromCheckoutPage_updatedSuccessfully -->
        <test-method status="PASS" signature="tearDown()[pri:0, instance:tests.ShoppingCartTests@754ba872]" name="tearDown" is-config="true" duration-ms="1644" started-at="2018-06-13T14:03:16Z" finished-at="2018-06-13T14:03:18Z">
          <reporter-output>
          </reporter-output>
        </test-method> <!-- tearDown -->
      </class> <!-- tests.ShoppingCartTests -->
    </test> <!-- Default test -->
  </suite> <!-- Default suite -->
</testng-results>
